Node 0:
Distance from 0 to 0 = 0
Distance from 0 to 1 = 4
Path: 0 -> 1
Distance from 0 to 2 = 2
Path: 0 -> 2
Distance from 0 to 3 = 9
Path: 0 -> 2 -> 4 -> 3
Distance from 0 to 4 = 5
Path: 0 -> 2 -> 4
Distance from 0 to 5 = 20
Path: 0 -> 2 -> 4 -> 3 -> 5

Node 1:
Distance from 1 to 0 = infinity
Distance from 1 to 1 = 0
Distance from 1 to 2 = 5
Path: 1 -> 2
Distance from 1 to 3 = 10
Path: 1 -> 3
Distance from 1 to 4 = 8
Path: 1 -> 2 -> 4
Distance from 1 to 5 = 21
Path: 1 -> 3 -> 5

Node 2:
Distance from 2 to 0 = infinity
Distance from 2 to 1 = infinity
Distance from 2 to 2 = 0
Distance from 2 to 3 = 7
Path: 2 -> 4 -> 3
Distance from 2 to 4 = 3
Path: 2 -> 4
Distance from 2 to 5 = 18
Path: 2 -> 4 -> 3 -> 5

Node 3:
Distance from 3 to 0 = infinity
Distance from 3 to 1 = infinity
Distance from 3 to 2 = infinity
Distance from 3 to 3 = 0
Distance from 3 to 4 = infinity
Distance from 3 to 5 = 11
Path: 3 -> 5

Node 4:
Distance from 4 to 0 = infinity
Distance from 4 to 1 = infinity
Distance from 4 to 2 = infinity
Distance from 4 to 3 = 4
Path: 4 -> 3
Distance from 4 to 4 = 0
Distance from 4 to 5 = 15
Path: 4 -> 3 -> 5

Node 5:
Distance from 5 to 0 = infinity
Distance from 5 to 1 = infinity
Distance from 5 to 2 = infinity
Distance from 5 to 3 = infinity
Distance from 5 to 4 = infinity
Distance from 5 to 5 = 0