Node 0:
Distance from 0 to 0 = 0
Distance from 0 to 1 = 2
Path: 0 -> 1
Distance from 0 to 2 = 5
Path: 0 -> 1 -> 2
Distance from 0 to 3 = 6
Path: 0 -> 1 -> 2 -> 3
Distance from 0 to 4 = 7
Path: 0 -> 1 -> 4

Node 1:
Distance from 1 to 0 = infinity
Distance from 1 to 1 = 0
Distance from 1 to 2 = 3
Path: 1 -> 2
Distance from 1 to 3 = 4
Path: 1 -> 2 -> 3
Distance from 1 to 4 = 5
Path: 1 -> 4

Node 2:
Distance from 2 to 0 = infinity
Distance from 2 to 1 = 2
Path: 2 -> 1
Distance from 2 to 2 = 0
Distance from 2 to 3 = 1
Path: 2 -> 3
Distance from 2 to 4 = 6
Path: 2 -> 3 -> 4

Node 3:
Distance from 3 to 0 = infinity
Distance from 3 to 1 = infinity
Distance from 3 to 2 = infinity
Distance from 3 to 3 = 0
Distance from 3 to 4 = 5
Path: 3 -> 4

Node 4:
Distance from 4 to 0 = infinity
Distance from 4 to 1 = infinity
Distance from 4 to 2 = infinity
Distance from 4 to 3 = 4
Path: 4 -> 3
Distance from 4 to 4 = 0